mode: set
github.com/darienkentanu/suit/controllers/user.go:19.132,25.2 1 1
github.com/darienkentanu/suit/controllers/user.go:27.72,30.42 2 1
github.com/darienkentanu/suit/controllers/user.go:34.2,35.14 2 1
github.com/darienkentanu/suit/controllers/user.go:39.2,40.14 2 1
github.com/darienkentanu/suit/controllers/user.go:44.2,45.14 2 1
github.com/darienkentanu/suit/controllers/user.go:49.2,50.16 2 1
github.com/darienkentanu/suit/controllers/user.go:54.2,65.16 10 1
github.com/darienkentanu/suit/controllers/user.go:69.2,77.16 8 1
github.com/darienkentanu/suit/controllers/user.go:81.2,84.16 4 1
github.com/darienkentanu/suit/controllers/user.go:88.2,101.4 10 1
github.com/darienkentanu/suit/controllers/user.go:30.42,32.3 1 1
github.com/darienkentanu/suit/controllers/user.go:35.14,37.3 1 1
github.com/darienkentanu/suit/controllers/user.go:40.14,42.3 1 1
github.com/darienkentanu/suit/controllers/user.go:45.14,47.3 1 1
github.com/darienkentanu/suit/controllers/user.go:50.16,52.3 1 0
github.com/darienkentanu/suit/controllers/user.go:65.16,67.3 1 0
github.com/darienkentanu/suit/controllers/user.go:77.16,79.3 1 1
github.com/darienkentanu/suit/controllers/user.go:84.16,86.3 1 1
github.com/darienkentanu/suit/controllers/user.go:104.60,107.2 2 1
github.com/darienkentanu/suit/controllers/user.go:109.70,111.16 2 1
github.com/darienkentanu/suit/controllers/user.go:115.2,118.4 1 1
github.com/darienkentanu/suit/controllers/user.go:111.16,113.3 1 1
github.com/darienkentanu/suit/controllers/checkout.go:26.301,36.2 1 1
github.com/darienkentanu/suit/controllers/checkout.go:38.83,41.42 2 1
github.com/darienkentanu/suit/controllers/checkout.go:45.2,50.49 4 1
github.com/darienkentanu/suit/controllers/checkout.go:77.2,77.34 1 1
github.com/darienkentanu/suit/controllers/checkout.go:81.2,82.16 2 1
github.com/darienkentanu/suit/controllers/checkout.go:86.2,86.48 1 1
github.com/darienkentanu/suit/controllers/checkout.go:93.2,94.41 2 1
github.com/darienkentanu/suit/controllers/checkout.go:103.2,104.16 2 1
github.com/darienkentanu/suit/controllers/checkout.go:108.2,111.16 3 1
github.com/darienkentanu/suit/controllers/checkout.go:115.2,118.39 4 1
github.com/darienkentanu/suit/controllers/checkout.go:130.2,132.49 3 1
github.com/darienkentanu/suit/controllers/checkout.go:139.2,147.16 8 1
github.com/darienkentanu/suit/controllers/checkout.go:151.2,164.4 10 1
github.com/darienkentanu/suit/controllers/checkout.go:41.42,43.3 1 1
github.com/darienkentanu/suit/controllers/checkout.go:50.49,52.13 2 1
github.com/darienkentanu/suit/controllers/checkout.go:56.3,60.17 4 1
github.com/darienkentanu/suit/controllers/checkout.go:64.3,65.17 2 1
github.com/darienkentanu/suit/controllers/checkout.go:68.3,74.47 6 1
github.com/darienkentanu/suit/controllers/checkout.go:52.13,53.12 1 1
github.com/darienkentanu/suit/controllers/checkout.go:60.17,62.4 1 1
github.com/darienkentanu/suit/controllers/checkout.go:65.17,67.4 1 0
github.com/darienkentanu/suit/controllers/checkout.go:77.34,79.3 1 1
github.com/darienkentanu/suit/controllers/checkout.go:82.16,84.3 1 1
github.com/darienkentanu/suit/controllers/checkout.go:86.48,88.17 2 1
github.com/darienkentanu/suit/controllers/checkout.go:88.17,90.4 1 0
github.com/darienkentanu/suit/controllers/checkout.go:94.41,101.3 4 1
github.com/darienkentanu/suit/controllers/checkout.go:104.16,106.3 1 1
github.com/darienkentanu/suit/controllers/checkout.go:111.16,113.3 1 1
github.com/darienkentanu/suit/controllers/checkout.go:118.39,128.3 7 1
github.com/darienkentanu/suit/controllers/checkout.go:132.49,133.46 1 1
github.com/darienkentanu/suit/controllers/checkout.go:133.46,136.4 2 1
github.com/darienkentanu/suit/controllers/checkout.go:147.16,149.3 1 1
github.com/darienkentanu/suit/controllers/checkout.go:169.84,177.49 6 1
github.com/darienkentanu/suit/controllers/checkout.go:202.2,202.34 1 1
github.com/darienkentanu/suit/controllers/checkout.go:206.2,207.16 2 1
github.com/darienkentanu/suit/controllers/checkout.go:211.2,211.48 1 1
github.com/darienkentanu/suit/controllers/checkout.go:218.2,219.41 2 1
github.com/darienkentanu/suit/controllers/checkout.go:228.2,236.16 8 1
github.com/darienkentanu/suit/controllers/checkout.go:240.2,241.16 2 1
github.com/darienkentanu/suit/controllers/checkout.go:245.2,256.4 8 1
github.com/darienkentanu/suit/controllers/checkout.go:177.49,178.87 1 1
github.com/darienkentanu/suit/controllers/checkout.go:181.3,185.17 4 1
github.com/darienkentanu/suit/controllers/checkout.go:189.3,190.17 2 1
github.com/darienkentanu/suit/controllers/checkout.go:193.3,199.47 6 1
github.com/darienkentanu/suit/controllers/checkout.go:178.87,179.12 1 1
github.com/darienkentanu/suit/controllers/checkout.go:185.17,187.4 1 1
github.com/darienkentanu/suit/controllers/checkout.go:190.17,192.4 1 0
github.com/darienkentanu/suit/controllers/checkout.go:202.34,204.3 1 1
github.com/darienkentanu/suit/controllers/checkout.go:207.16,209.3 1 1
github.com/darienkentanu/suit/controllers/checkout.go:211.48,213.17 2 1
github.com/darienkentanu/suit/controllers/checkout.go:213.17,215.4 1 0
github.com/darienkentanu/suit/controllers/checkout.go:219.41,226.3 4 1
github.com/darienkentanu/suit/controllers/checkout.go:236.16,238.3 1 1
github.com/darienkentanu/suit/controllers/checkout.go:241.16,243.3 1 0
github.com/darienkentanu/suit/controllers/checkout.go:261.75,263.16 2 1
github.com/darienkentanu/suit/controllers/checkout.go:266.2,267.16 2 1
github.com/darienkentanu/suit/controllers/checkout.go:270.2,271.16 2 1
github.com/darienkentanu/suit/controllers/checkout.go:275.2,277.16 3 1
github.com/darienkentanu/suit/controllers/checkout.go:280.2,281.16 2 1
github.com/darienkentanu/suit/controllers/checkout.go:284.2,287.16 3 1
github.com/darienkentanu/suit/controllers/checkout.go:290.2,293.4 1 1
github.com/darienkentanu/suit/controllers/checkout.go:263.16,265.3 1 1
github.com/darienkentanu/suit/controllers/checkout.go:267.16,269.3 1 1
github.com/darienkentanu/suit/controllers/checkout.go:271.16,273.3 1 1
github.com/darienkentanu/suit/controllers/checkout.go:277.16,279.3 1 0
github.com/darienkentanu/suit/controllers/checkout.go:281.16,283.3 1 0
github.com/darienkentanu/suit/controllers/checkout.go:287.16,289.3 1 0
github.com/darienkentanu/suit/controllers/dropPoints.go:18.81,20.2 1 1
github.com/darienkentanu/suit/controllers/dropPoints.go:22.70,25.16 2 1
github.com/darienkentanu/suit/controllers/dropPoints.go:28.2,30.31 3 1
github.com/darienkentanu/suit/controllers/dropPoints.go:35.2,38.4 1 1
github.com/darienkentanu/suit/controllers/dropPoints.go:25.16,27.3 1 1
github.com/darienkentanu/suit/controllers/dropPoints.go:30.31,34.3 3 1
github.com/darienkentanu/suit/controllers/dropPoints.go:41.70,43.44 2 1
github.com/darienkentanu/suit/controllers/dropPoints.go:47.2,50.16 3 1
github.com/darienkentanu/suit/controllers/dropPoints.go:54.2,60.4 1 1
github.com/darienkentanu/suit/controllers/dropPoints.go:43.44,45.3 1 1
github.com/darienkentanu/suit/controllers/dropPoints.go:50.16,52.3 1 1
github.com/darienkentanu/suit/controllers/dropPoints.go:63.71,65.16 2 1
github.com/darienkentanu/suit/controllers/dropPoints.go:68.2,69.47 2 1
github.com/darienkentanu/suit/controllers/dropPoints.go:72.2,74.16 3 1
github.com/darienkentanu/suit/controllers/dropPoints.go:77.2,83.4 1 1
github.com/darienkentanu/suit/controllers/dropPoints.go:65.16,67.3 1 1
github.com/darienkentanu/suit/controllers/dropPoints.go:69.47,71.3 1 1
github.com/darienkentanu/suit/controllers/dropPoints.go:74.16,76.3 1 1
github.com/darienkentanu/suit/controllers/dropPoints.go:86.73,88.16 2 1
github.com/darienkentanu/suit/controllers/dropPoints.go:92.2,93.16 2 1
github.com/darienkentanu/suit/controllers/dropPoints.go:97.2,99.4 1 1
github.com/darienkentanu/suit/controllers/dropPoints.go:88.16,90.3 1 1
github.com/darienkentanu/suit/controllers/dropPoints.go:93.16,95.3 1 1
github.com/darienkentanu/suit/controllers/login.go:21.178,28.2 1 1
github.com/darienkentanu/suit/controllers/login.go:30.65,33.46 2 1
github.com/darienkentanu/suit/controllers/login.go:37.2,38.16 2 1
github.com/darienkentanu/suit/controllers/login.go:42.2,43.12 2 1
github.com/darienkentanu/suit/controllers/login.go:47.2,48.28 2 1
github.com/darienkentanu/suit/controllers/login.go:54.2,59.16 5 1
github.com/darienkentanu/suit/controllers/login.go:63.2,65.16 3 1
github.com/darienkentanu/suit/controllers/login.go:69.2,78.4 6 1
github.com/darienkentanu/suit/controllers/login.go:33.46,35.3 1 1
github.com/darienkentanu/suit/controllers/login.go:38.16,40.3 1 1
github.com/darienkentanu/suit/controllers/login.go:43.12,45.3 1 1
github.com/darienkentanu/suit/controllers/login.go:48.28,50.3 1 1
github.com/darienkentanu/suit/controllers/login.go:50.8,50.36 1 1
github.com/darienkentanu/suit/controllers/login.go:50.36,52.3 1 1
github.com/darienkentanu/suit/controllers/login.go:59.16,61.3 1 0
github.com/darienkentanu/suit/controllers/login.go:65.16,67.3 1 0
github.com/darienkentanu/suit/controllers/login.go:81.52,84.2 2 1
github.com/darienkentanu/suit/controllers/login.go:86.70,90.20 3 1
github.com/darienkentanu/suit/controllers/login.go:103.2,105.16 2 1
github.com/darienkentanu/suit/controllers/login.go:109.2,112.4 1 1
github.com/darienkentanu/suit/controllers/login.go:90.20,93.17 2 1
github.com/darienkentanu/suit/controllers/login.go:97.3,100.5 1 1
github.com/darienkentanu/suit/controllers/login.go:93.17,95.4 1 0
github.com/darienkentanu/suit/controllers/login.go:105.16,107.3 1 0
github.com/darienkentanu/suit/controllers/login.go:115.73,120.20 4 1
github.com/darienkentanu/suit/controllers/login.go:173.2,175.49 2 1
github.com/darienkentanu/suit/controllers/login.go:179.2,180.16 2 1
github.com/darienkentanu/suit/controllers/login.go:184.2,190.16 6 1
github.com/darienkentanu/suit/controllers/login.go:194.2,200.16 6 1
github.com/darienkentanu/suit/controllers/login.go:204.2,205.16 2 1
github.com/darienkentanu/suit/controllers/login.go:209.2,222.4 10 1
github.com/darienkentanu/suit/controllers/login.go:120.20,123.49 2 1
github.com/darienkentanu/suit/controllers/login.go:127.3,128.17 2 1
github.com/darienkentanu/suit/controllers/login.go:132.3,143.17 10 1
github.com/darienkentanu/suit/controllers/login.go:147.3,153.17 6 1
github.com/darienkentanu/suit/controllers/login.go:157.3,170.5 10 1
github.com/darienkentanu/suit/controllers/login.go:123.49,125.4 1 1
github.com/darienkentanu/suit/controllers/login.go:128.17,130.4 1 0
github.com/darienkentanu/suit/controllers/login.go:143.17,145.4 1 1
github.com/darienkentanu/suit/controllers/login.go:153.17,155.4 1 0
github.com/darienkentanu/suit/controllers/login.go:175.49,177.3 1 1
github.com/darienkentanu/suit/controllers/login.go:180.16,182.3 1 0
github.com/darienkentanu/suit/controllers/login.go:190.16,192.3 1 1
github.com/darienkentanu/suit/controllers/login.go:200.16,202.3 1 0
github.com/darienkentanu/suit/controllers/login.go:205.16,207.3 1 1
github.com/darienkentanu/suit/controllers/staff.go:16.106,21.2 1 1
github.com/darienkentanu/suit/controllers/staff.go:23.68,26.42 2 1
github.com/darienkentanu/suit/controllers/staff.go:30.2,31.14 2 1
github.com/darienkentanu/suit/controllers/staff.go:35.2,36.14 2 1
github.com/darienkentanu/suit/controllers/staff.go:40.2,41.14 2 1
github.com/darienkentanu/suit/controllers/staff.go:45.2,46.16 2 1
github.com/darienkentanu/suit/controllers/staff.go:50.2,56.16 6 1
github.com/darienkentanu/suit/controllers/staff.go:60.2,68.16 8 1
github.com/darienkentanu/suit/controllers/staff.go:72.2,84.4 9 1
github.com/darienkentanu/suit/controllers/staff.go:26.42,28.3 1 1
github.com/darienkentanu/suit/controllers/staff.go:31.14,33.3 1 1
github.com/darienkentanu/suit/controllers/staff.go:36.14,38.3 1 1
github.com/darienkentanu/suit/controllers/staff.go:41.14,43.3 1 1
github.com/darienkentanu/suit/controllers/staff.go:46.16,48.3 1 0
github.com/darienkentanu/suit/controllers/staff.go:56.16,58.3 1 0
github.com/darienkentanu/suit/controllers/staff.go:68.16,70.3 1 1
github.com/darienkentanu/suit/controllers/staff.go:87.71,90.16 2 1
github.com/darienkentanu/suit/controllers/staff.go:94.2,97.4 1 1
github.com/darienkentanu/suit/controllers/staff.go:90.16,92.3 1 1
github.com/darienkentanu/suit/controllers/transaction.go:20.207,27.2 1 1
github.com/darienkentanu/suit/controllers/transaction.go:29.81,35.21 5 1
github.com/darienkentanu/suit/controllers/transaction.go:41.2,41.16 1 1
github.com/darienkentanu/suit/controllers/transaction.go:45.2,47.43 2 1
github.com/darienkentanu/suit/controllers/transaction.go:92.2,95.4 1 1
github.com/darienkentanu/suit/controllers/transaction.go:35.21,37.3 1 1
github.com/darienkentanu/suit/controllers/transaction.go:37.8,37.27 1 1
github.com/darienkentanu/suit/controllers/transaction.go:37.27,39.3 1 1
github.com/darienkentanu/suit/controllers/transaction.go:41.16,43.3 1 1
github.com/darienkentanu/suit/controllers/transaction.go:47.43,49.17 2 1
github.com/darienkentanu/suit/controllers/transaction.go:53.3,54.34 2 1
github.com/darienkentanu/suit/controllers/transaction.go:70.3,71.17 2 1
github.com/darienkentanu/suit/controllers/transaction.go:75.3,83.30 9 1
github.com/darienkentanu/suit/controllers/transaction.go:89.3,89.66 1 1
github.com/darienkentanu/suit/controllers/transaction.go:49.17,51.4 1 0
github.com/darienkentanu/suit/controllers/transaction.go:54.34,56.18 2 1
github.com/darienkentanu/suit/controllers/transaction.go:60.4,67.48 7 1
github.com/darienkentanu/suit/controllers/transaction.go:56.18,58.5 1 0
github.com/darienkentanu/suit/controllers/transaction.go:71.17,73.4 1 0
github.com/darienkentanu/suit/controllers/transaction.go:83.30,85.4 1 1
github.com/darienkentanu/suit/controllers/transaction.go:85.9,87.4 1 1
github.com/darienkentanu/suit/controllers/transaction.go:98.90,100.16 2 1
github.com/darienkentanu/suit/controllers/transaction.go:104.2,105.16 2 1
github.com/darienkentanu/suit/controllers/transaction.go:109.2,111.43 2 1
github.com/darienkentanu/suit/controllers/transaction.go:151.2,154.4 1 1
github.com/darienkentanu/suit/controllers/transaction.go:100.16,102.3 1 1
github.com/darienkentanu/suit/controllers/transaction.go:105.16,107.3 1 1
github.com/darienkentanu/suit/controllers/transaction.go:111.43,113.17 2 1
github.com/darienkentanu/suit/controllers/transaction.go:117.3,118.34 2 1
github.com/darienkentanu/suit/controllers/transaction.go:134.3,142.30 9 1
github.com/darienkentanu/suit/controllers/transaction.go:148.3,148.66 1 1
github.com/darienkentanu/suit/controllers/transaction.go:113.17,115.4 1 0
github.com/darienkentanu/suit/controllers/transaction.go:118.34,120.18 2 1
github.com/darienkentanu/suit/controllers/transaction.go:124.4,131.48 7 1
github.com/darienkentanu/suit/controllers/transaction.go:120.18,122.5 1 0
github.com/darienkentanu/suit/controllers/transaction.go:142.30,144.4 1 1
github.com/darienkentanu/suit/controllers/transaction.go:144.9,146.4 1 1
github.com/darienkentanu/suit/controllers/transaction.go:157.94,160.77 2 1
github.com/darienkentanu/suit/controllers/transaction.go:164.2,168.16 4 1
github.com/darienkentanu/suit/controllers/transaction.go:172.2,174.43 2 1
github.com/darienkentanu/suit/controllers/transaction.go:213.2,216.4 1 1
github.com/darienkentanu/suit/controllers/transaction.go:160.77,162.3 1 1
github.com/darienkentanu/suit/controllers/transaction.go:168.16,170.3 1 1
github.com/darienkentanu/suit/controllers/transaction.go:174.43,176.17 2 1
github.com/darienkentanu/suit/controllers/transaction.go:180.3,181.34 2 1
github.com/darienkentanu/suit/controllers/transaction.go:197.3,205.30 9 1
github.com/darienkentanu/suit/controllers/transaction.go:210.3,210.66 1 1
github.com/darienkentanu/suit/controllers/transaction.go:176.17,178.4 1 0
github.com/darienkentanu/suit/controllers/transaction.go:181.34,183.18 2 1
github.com/darienkentanu/suit/controllers/transaction.go:187.4,194.48 7 1
github.com/darienkentanu/suit/controllers/transaction.go:183.18,185.5 1 0
github.com/darienkentanu/suit/controllers/transaction.go:205.30,207.4 1 1
github.com/darienkentanu/suit/controllers/transaction.go:207.9,209.4 1 1
github.com/darienkentanu/suit/controllers/transaction.go:219.98,222.77 2 1
github.com/darienkentanu/suit/controllers/transaction.go:226.2,230.16 4 1
github.com/darienkentanu/suit/controllers/transaction.go:234.2,237.4 1 1
github.com/darienkentanu/suit/controllers/transaction.go:222.77,224.3 1 1
github.com/darienkentanu/suit/controllers/transaction.go:230.16,232.3 1 1
github.com/darienkentanu/suit/controllers/transaction.go:240.85,245.16 4 1
github.com/darienkentanu/suit/controllers/transaction.go:249.2,252.4 1 1
github.com/darienkentanu/suit/controllers/transaction.go:245.16,247.3 1 1
github.com/darienkentanu/suit/controllers/voucher.go:17.72,19.2 1 1
github.com/darienkentanu/suit/controllers/voucher.go:21.64,24.16 2 1
github.com/darienkentanu/suit/controllers/voucher.go:27.2,29.33 3 1
github.com/darienkentanu/suit/controllers/voucher.go:35.2,38.4 1 1
github.com/darienkentanu/suit/controllers/voucher.go:24.16,26.3 1 1
github.com/darienkentanu/suit/controllers/voucher.go:29.33,34.3 4 1
github.com/darienkentanu/suit/controllers/voucher.go:41.64,43.42 2 1
github.com/darienkentanu/suit/controllers/voucher.go:47.2,48.16 2 1
github.com/darienkentanu/suit/controllers/voucher.go:52.2,59.4 1 1
github.com/darienkentanu/suit/controllers/voucher.go:43.42,45.3 1 1
github.com/darienkentanu/suit/controllers/voucher.go:48.16,50.3 1 1
github.com/darienkentanu/suit/controllers/voucher.go:62.65,64.16 2 1
github.com/darienkentanu/suit/controllers/voucher.go:67.2,68.44 2 1
github.com/darienkentanu/suit/controllers/voucher.go:72.2,73.16 2 1
github.com/darienkentanu/suit/controllers/voucher.go:76.2,83.4 1 1
github.com/darienkentanu/suit/controllers/voucher.go:64.16,66.3 1 1
github.com/darienkentanu/suit/controllers/voucher.go:68.44,70.3 1 1
github.com/darienkentanu/suit/controllers/voucher.go:73.16,75.3 1 1
github.com/darienkentanu/suit/controllers/voucher.go:86.67,88.16 2 1
github.com/darienkentanu/suit/controllers/voucher.go:92.2,93.16 2 1
github.com/darienkentanu/suit/controllers/voucher.go:97.2,99.4 1 1
github.com/darienkentanu/suit/controllers/voucher.go:88.16,90.3 1 1
github.com/darienkentanu/suit/controllers/voucher.go:93.16,95.3 1 1
github.com/darienkentanu/suit/controllers/cart.go:17.63,19.2 1 1
github.com/darienkentanu/suit/controllers/cart.go:21.59,23.39 2 1
github.com/darienkentanu/suit/controllers/cart.go:26.2,28.12 3 1
github.com/darienkentanu/suit/controllers/cart.go:39.2,40.16 2 1
github.com/darienkentanu/suit/controllers/cart.go:43.2,46.4 1 1
github.com/darienkentanu/suit/controllers/cart.go:23.39,25.3 1 1
github.com/darienkentanu/suit/controllers/cart.go:28.12,30.17 2 1
github.com/darienkentanu/suit/controllers/cart.go:33.3,36.5 1 1
github.com/darienkentanu/suit/controllers/cart.go:30.17,32.4 1 1
github.com/darienkentanu/suit/controllers/cart.go:40.16,42.3 1 0
github.com/darienkentanu/suit/controllers/cart.go:49.61,52.16 3 1
github.com/darienkentanu/suit/controllers/cart.go:55.2,58.4 1 1
github.com/darienkentanu/suit/controllers/cart.go:52.16,54.3 1 1
github.com/darienkentanu/suit/controllers/cart.go:61.62,63.39 2 1
github.com/darienkentanu/suit/controllers/cart.go:66.2,67.16 2 1
github.com/darienkentanu/suit/controllers/cart.go:70.2,71.16 2 1
github.com/darienkentanu/suit/controllers/cart.go:74.2,77.4 1 1
github.com/darienkentanu/suit/controllers/cart.go:63.39,65.3 1 1
github.com/darienkentanu/suit/controllers/cart.go:67.16,69.3 1 1
github.com/darienkentanu/suit/controllers/cart.go:71.16,73.3 1 1
github.com/darienkentanu/suit/controllers/cart.go:80.64,82.16 2 1
github.com/darienkentanu/suit/controllers/cart.go:85.2,86.16 2 1
github.com/darienkentanu/suit/controllers/cart.go:89.2,91.4 1 1
github.com/darienkentanu/suit/controllers/cart.go:82.16,84.3 1 1
github.com/darienkentanu/suit/controllers/cart.go:86.16,88.3 1 1
github.com/darienkentanu/suit/controllers/categories.go:17.75,19.2 1 1
github.com/darienkentanu/suit/controllers/categories.go:21.67,24.16 2 1
github.com/darienkentanu/suit/controllers/categories.go:27.2,29.31 3 1
github.com/darienkentanu/suit/controllers/categories.go:35.2,38.4 1 1
github.com/darienkentanu/suit/controllers/categories.go:24.16,26.3 1 1
github.com/darienkentanu/suit/controllers/categories.go:29.31,34.3 4 1
github.com/darienkentanu/suit/controllers/categories.go:41.67,43.42 2 1
github.com/darienkentanu/suit/controllers/categories.go:47.2,48.16 2 1
github.com/darienkentanu/suit/controllers/categories.go:52.2,59.4 1 1
github.com/darienkentanu/suit/controllers/categories.go:43.42,45.3 1 1
github.com/darienkentanu/suit/controllers/categories.go:48.16,50.3 1 1
github.com/darienkentanu/suit/controllers/categories.go:62.68,64.16 2 1
github.com/darienkentanu/suit/controllers/categories.go:67.2,70.16 4 1
github.com/darienkentanu/suit/controllers/categories.go:73.2,80.4 1 1
github.com/darienkentanu/suit/controllers/categories.go:64.16,66.3 1 1
github.com/darienkentanu/suit/controllers/categories.go:70.16,72.3 1 1
github.com/darienkentanu/suit/controllers/categories.go:83.70,85.16 2 1
github.com/darienkentanu/suit/controllers/categories.go:89.2,90.16 2 1
github.com/darienkentanu/suit/controllers/categories.go:94.2,96.4 1 1
github.com/darienkentanu/suit/controllers/categories.go:85.16,87.3 1 1
github.com/darienkentanu/suit/controllers/categories.go:90.16,92.3 1 1
github.com/darienkentanu/suit/controllers/initEcho.go:9.40,13.2 3 1
github.com/darienkentanu/suit/controllers/userVoucher.go:18.164,24.2 1 1
github.com/darienkentanu/suit/controllers/userVoucher.go:26.78,28.33 2 1
github.com/darienkentanu/suit/controllers/userVoucher.go:32.2,33.16 2 1
github.com/darienkentanu/suit/controllers/userVoucher.go:37.2,40.16 3 1
github.com/darienkentanu/suit/controllers/userVoucher.go:44.2,44.32 1 1
github.com/darienkentanu/suit/controllers/userVoucher.go:48.2,49.16 2 1
github.com/darienkentanu/suit/controllers/userVoucher.go:53.2,56.16 3 1
github.com/darienkentanu/suit/controllers/userVoucher.go:60.2,61.16 2 1
github.com/darienkentanu/suit/controllers/userVoucher.go:65.2,68.4 1 1
github.com/darienkentanu/suit/controllers/userVoucher.go:28.33,30.3 1 1
github.com/darienkentanu/suit/controllers/userVoucher.go:33.16,35.3 1 1
github.com/darienkentanu/suit/controllers/userVoucher.go:40.16,42.3 1 1
github.com/darienkentanu/suit/controllers/userVoucher.go:44.32,46.3 1 1
github.com/darienkentanu/suit/controllers/userVoucher.go:49.16,51.3 1 1
github.com/darienkentanu/suit/controllers/userVoucher.go:56.16,58.3 1 0
github.com/darienkentanu/suit/controllers/userVoucher.go:61.16,63.3 1 0
github.com/darienkentanu/suit/controllers/userVoucher.go:71.79,73.33 2 1
github.com/darienkentanu/suit/controllers/userVoucher.go:77.2,80.14 3 1
github.com/darienkentanu/suit/controllers/userVoucher.go:84.2,85.16 2 1
github.com/darienkentanu/suit/controllers/userVoucher.go:89.2,90.16 2 1
github.com/darienkentanu/suit/controllers/userVoucher.go:94.2,97.4 1 1
github.com/darienkentanu/suit/controllers/userVoucher.go:73.33,75.3 1 1
github.com/darienkentanu/suit/controllers/userVoucher.go:80.14,82.3 1 1
github.com/darienkentanu/suit/controllers/userVoucher.go:85.16,87.3 1 0
github.com/darienkentanu/suit/controllers/userVoucher.go:90.16,92.3 1 0
github.com/darienkentanu/suit/controllers/userVoucher.go:100.80,104.16 3 1
github.com/darienkentanu/suit/controllers/userVoucher.go:108.2,111.4 1 1
github.com/darienkentanu/suit/controllers/userVoucher.go:104.16,106.3 1 1
